<?xml version="1.0" encoding="UTF-8"?>
<testsuite xmlns:xsi="http://www.w3.org/2001/XMLSchema-instance" xsi:noNamespaceSchemaLocation="https://maven.apache.org/surefire/maven-surefire-plugin/xsd/surefire-test-report.xsd" version="3.0.2" name="com.booleanrulelang.BooleanRuleLangApplicationTests" time="12.947" tests="1" errors="0" skipped="0" failures="0" flakes="0">
  <properties>
[...]
</properties>
  <testcase name="contextLoads" classname="com.booleanrulelang.BooleanRuleLangApplicationTests" time="4.599">
    <system-out><![CDATA[20:56:35.399 [main] INFO org.springframework.test.context.support.AnnotationConfigContextLoaderUtils -- Could not detect default configuration classes for test class [com.booleanrulelang.BooleanRuleLangApplicationTests]: BooleanRuleLangApplicationTests does not declare any static, non-private, non-final, nested classes annotated with @Configuration.
20:56:36.612 [main] INFO org.springframework.boot.test.context.SpringBootTestContextBootstrapper -- Found @SpringBootConfiguration com.booleanrulelang.BooleanRuleLangApplication for test class com.booleanrulelang.BooleanRuleLangApplicationTests
20:56:37.291 [main] INFO org.springframework.test.context.support.AnnotationConfigContextLoaderUtils -- Could not detect default configuration classes for test class [com.booleanrulelang.BooleanRuleLangApplicationTests]: BooleanRuleLangApplicationTests does not declare any static, non-private, non-final, nested classes annotated with @Configuration.
20:56:37.307 [main] INFO org.springframework.boot.test.context.SpringBootTestContextBootstrapper -- Found @SpringBootConfiguration com.booleanrulelang.BooleanRuleLangApplication for test class com.booleanrulelang.BooleanRuleLangApplicationTests
20:56:37.697 [main] INFO org.springframework.boot.devtools.restart.RestartApplicationListener -- Restart disabled due to context in which it is running

  .   ____          _            __ _ _
 /\\ / ___'_ __ _ _(_)_ __  __ _ \ \ \ \
( ( )\___ | '_ | '_| | '_ \/ _` | \ \ \ \
 \\/  ___)| |_)| | | | | || (_| |  ) ) ) )
  '  |____| .__|_| |_|_| |_\__, | / / / /
 =========|_|==============|___/=/_/_/_/

 :: Spring Boot ::                (v4.0.6)

2026-05-12T20:56:39.483+03:00  WARN 9776 --- [Boolean-rule-lang] [           main] ory$DuplicateJsonObjectContextCustomizer : 

Found multiple occurrences of org.json.JSONObject on the class path:

	jar:file:/C:/Users/DELL/.m2/repository/org/json/json/20251224/json-20251224.jar!/org/json/JSONObject.class
	jar:file:/C:/Users/DELL/.m2/repository/com/vaadin/external/google/android-json/0.0.20131108.vaadin1/android-json-0.0.20131108.vaadin1.jar!/org/json/JSONObject.class

You may wish to exclude one of them to ensure predictable runtime behavior

2026-05-12T20:56:39.545+03:00  INFO 9776 --- [Boolean-rule-lang] [           main] c.b.BooleanRuleLangApplicationTests      : Starting BooleanRuleLangApplicationTests using Java 21 with PID 9776 (started by DELL in D:\Faculty\level four\compiler\Boolean-Rule-Language)
2026-05-12T20:56:39.550+03:00  INFO 9776 --- [Boolean-rule-lang] [           main] c.b.BooleanRuleLangApplicationTests      : No active profile set, falling back to 1 default profile: "default"
2026-05-12T20:56:42.239+03:00  INFO 9776 --- [Boolean-rule-lang] [           main] c.b.BooleanRuleLangApplicationTests      : Started BooleanRuleLangApplicationTests in 4.599 seconds (process running for 14.245)
]]></system-out>
    <system-err><![CDATA[Usage: java -jar <app.jar> <source-file-path>
Mockito is currently self-attaching to enable the inline-mock-maker. This will no longer work in future releases of the JDK. Please add Mockito as an agent to your build as described in Mockito's documentation: https://javadoc.io/doc/org.mockito/mockito-core/latest/org.mockito/org/mockito/Mockito.html#0.3
WARNING: A Java agent has been loaded dynamically (C:\Users\DELL\.m2\repository\net\bytebuddy\byte-buddy-agent\1.17.8\byte-buddy-agent-1.17.8.jar)
WARNING: If a serviceability tool is in use, please run with -XX:+EnableDynamicAgentLoading to hide this warning
WARNING: If a serviceability tool is not in use, please run with -Djdk.instrument.traceUsage for more information
WARNING: Dynamic loading of agents will be disallowed by default in a future release
]]></system-err>
  </testcase>
</testsuite>